[2022-10-26 03:47:08+02:00] INFO: Installer API request received {"method":"GET","endpoint":"checkPhpVersion"} 
} 
[2022-10-26 03:47:08+02:00] NOTICE: Compared PHP version {"installed":"7.4.26","needed":"7.2.9"} 
[2022-10-26 03:47:08+02:00] NOTICE: Checking PHP "json" extension  
[2022-10-26 03:47:08+02:00] NOTICE: PHP version requirement met.  
[2022-10-26 03:47:08+02:00] NOTICE: Checking PHP "zip" extension  
[2022-10-26 03:47:08+02:00] NOTICE: Checking PHP "mbstring" extension  
[2022-10-26 03:47:08+02:00] NOTICE: Checking PHP "fileinfo" extension  
[2022-10-26 03:47:08+02:00] NOTICE: Checking PHP "openssl" extension  
[2022-10-26 03:47:08+02:00] NOTICE: Checking PHP "gd" extension  
[2022-10-26 03:47:08+02:00] NOTICE: Checking PHP "filter" extension  
[2022-10-26 03:47:08+02:00] NOTICE: Checking PHP "hash" extension  
[2022-10-26 03:47:08+02:00] NOTICE: Checking PHP "dom" extension  
[2022-10-26 03:47:08+02:00] NOTICE: Required PHP extensions are installed.  
[2022-10-26 03:47:08+02:00] INFO: Winter API request {"method":"GET","uri":"ping"} 
[2022-10-26 03:47:09+02:00] NOTICE: Response received from Winter CMS API {"response":"pong"} 
[2022-10-26 03:47:09+02:00] NOTICE: Winter CMS API connection successful.  
[2022-10-26 03:49:44+02:00] INFO: Installer API request received {"method":"GET","endpoint":"checkWriteAccess"} 
[2022-10-26 03:49:44+02:00] INFO: Installer API request received {"method":"POST","endpoint":"checkDatabase"} 
[2022-10-26 03:49:44+02:00] NOTICE: Check database connection  
[2022-10-26 03:49:44+02:00] NOTICE: Current working directory is writable.  
[2022-10-26 03:49:45+02:00] NOTICE: Found 0 table(s) {"tables":""} 
[2022-10-26 03:49:45+02:00] NOTICE: Database connection established and verified empty  
[2022-10-26 03:49:47+02:00] INFO: Installer API request received {"method":"POST","endpoint":"downloadWinter"} 
[2022-10-26 03:49:47+02:00] NOTICE: Try downloading Winter CMS archive  
[2022-10-26 03:49:47+02:00] NOTICE: Downloading Winter ZIP via cURL {"url":"https://github.com/wintercms/winter/archive/refs/heads/1.1.zip"} 
[2022-10-26 03:50:09+02:00] NOTICE: Winter CMS ZIP file downloaded {"path":"E:\\xampp\\htdocs\\coming_soon\\.wintercms\\winter.zip"} 
[2022-10-26 03:50:09+02:00] INFO: Installer API request received {"method":"POST","endpoint":"extractWinter"} 
[2022-10-26 03:50:09+02:00] NOTICE: Begin extracting Winter CMS archive  
[2022-10-26 03:50:16+02:00] NOTICE: Move subfoldered files into position {"subfolder":"winter-1.1/"} 
[2022-10-26 03:50:16+02:00] NOTICE: Remove ZIP subfolder {"subfolder":"winter-1.1/"} 
[2022-10-26 03:50:16+02:00] NOTICE: Make artisan command-line tool executable {"path":"E:\\xampp\\htdocs\\coming_soon\\.wintercms\\artisan"} 
[2022-10-26 03:50:16+02:00] NOTICE: Remove Composer Merge plugin from composer.json if found  
[2022-10-26 03:50:16+02:00] NOTICE: Found merge plugin in required packages - removing  
[2022-10-26 03:50:16+02:00] NOTICE: Found merge plugin config in "extra" config definition - removing  
[2022-10-26 03:50:16+02:00] INFO: Installer API request received {"method":"POST","endpoint":"lockDependencies"} 
[2022-10-26 03:50:16+02:00] NOTICE: Create Composer instance  
[2022-10-26 03:50:16+02:00] NOTICE: Set memory limit to 1.5GB  
[2022-10-26 03:50:16+02:00] NOTICE: Set work directory for Composer {"path":"E:\\xampp\\htdocs\\coming_soon\\.wintercms"} 
[2022-10-26 03:50:16+02:00] NOTICE: Create home/cache directory for Composer {"path":"E:\\xampp\\htdocs\\coming_soon\\.wintercms\\.composer"} 
[2022-10-26 03:50:16+02:00] NOTICE: Set home/cache directory for Composer {"path":"E:\\xampp\\htdocs\\coming_soon\\.wintercms\\.composer"} 
[2022-10-26 03:50:16+02:00] NOTICE: Run Composer "update" command - generate only a lockfile  
[2022-10-26 03:50:36+02:00] NOTICE: Locked Composer packages {"numPackages":100,"lockFile":"E:\\xampp\\htdocs\\coming_soon\\.wintercms\\composer.lock"} 
[2022-10-26 03:50:36+02:00] INFO: Installer API request received {"method":"POST","endpoint":"installDependencies"} 
[2022-10-26 03:50:36+02:00] NOTICE: Create Composer instance  
[2022-10-26 03:50:36+02:00] NOTICE: Set memory limit to 1.5GB  
[2022-10-26 03:50:36+02:00] NOTICE: Set work directory for Composer {"path":"E:\\xampp\\htdocs\\coming_soon\\.wintercms"} 
[2022-10-26 03:50:36+02:00] NOTICE: Set home/cache directory for Composer {"path":"E:\\xampp\\htdocs\\coming_soon\\.wintercms\\.composer"} 
[2022-10-26 03:50:36+02:00] NOTICE: Run Composer "install" command - install from lockfile  
[2022-10-26 03:52:40+02:00] NOTICE: Installed Composer packages {"numPackages":100} 
[2022-10-26 03:52:40+02:00] INFO: Installer API request received {"method":"POST","endpoint":"setupConfig"} 
[2022-10-26 03:52:40+02:00] NOTICE: Booting Laravel framework  
[2022-10-26 03:52:40+02:00] NOTICE: Loading autoloader  
[2022-10-26 03:52:40+02:00] NOTICE: Bootstrapping kernel  
[2022-10-26 03:52:41+02:00] NOTICE: Rewriting config {"path":"E:\\xampp\\htdocs\\coming_soon\\.wintercms\\config\\app.php"} 
[2022-10-26 03:52:41+02:00] NOTICE: Rewriting config {"path":"E:\\xampp\\htdocs\\coming_soon\\.wintercms\\config\\cms.php"} 
[2022-10-26 03:52:41+02:00] NOTICE: Rewriting config {"path":"E:\\xampp\\htdocs\\coming_soon\\.wintercms\\config\\database.php"} 
[2022-10-26 03:52:41+02:00] INFO: Installer API request received {"method":"POST","endpoint":"runMigrations"} 
[2022-10-26 03:52:41+02:00] NOTICE: Booting Laravel framework  
[2022-10-26 03:52:41+02:00] NOTICE: Loading autoloader  
[2022-10-26 03:52:41+02:00] NOTICE: Bootstrapping kernel  
[2022-10-26 03:52:41+02:00] NOTICE: Running artisan "config:clear" command  
[2022-10-26 03:52:41+02:00] NOTICE: Command finished. {"output":"Configuration cache cleared!\r\n"} 
[2022-10-26 03:52:41+02:00] NOTICE: Running database migrations  
[2022-10-26 03:53:17+02:00] NOTICE: Command finished. {"output":"Migrating application and plugins...\r\nMigration table created\r\nSystem\r\nMigrating: 2013_10_01_000001_Db_Deferred_Bindings\r\nMigrated:  2013_10_01_000001_Db_Deferred_Bindings (0.84 seconds)\r\nMigrating: 2013_10_01_000002_Db_System_Files\r\nMigrated:  2013_10_01_000002_Db_System_Files (0.85 seconds)\r\nMigrating: 2013_10_01_000003_Db_System_Plugin_Versions\r\nMigrated:  2013_10_01_000003_Db_System_Plugin_Versions (1.56 seconds)\r\nMigrating: 2013_10_01_000004_Db_System_Plugin_History\r\nMigrated:  2013_10_01_000004_Db_System_Plugin_History (3.05 seconds)\r\nMigrating: 2013_10_01_000005_Db_System_Settings\r\nMigrated:  2013_10_01_000005_Db_System_Settings (0.35 seconds)\r\nMigrating: 2013_10_01_000006_Db_System_Parameters\r\nMigrated:  2013_10_01_000006_Db_System_Parameters (0.34 seconds)\r\nMigrating: 2013_10_01_000007_Db_System_Add_Disabled_Flag\r\nMigrated:  2013_10_01_000007_Db_System_Add_Disabled_Flag (0.07 seconds)\r\nMigrating: 2013_10_01_000008_Db_System_Mail_Templates\r\nMigrated:  2013_10_01_000008_Db_System_Mail_Templates (0.81 seconds)\r\nMigrating: 2013_10_01_000009_Db_System_Mail_Layouts\r\nMigrated:  2013_10_01_000009_Db_System_Mail_Layouts (0.99 seconds)\r\nMigrating: 2014_10_01_000010_Db_Jobs\r\nMigrated:  2014_10_01_000010_Db_Jobs (0.21 seconds)\r\nMigrating: 2014_10_01_000011_Db_System_Event_Logs\r\nMigrated:  2014_10_01_000011_Db_System_Event_Logs (0.35 seconds)\r\nMigrating: 2014_10_01_000012_Db_System_Request_Logs\r\nMigrated:  2014_10_01_000012_Db_System_Request_Logs (0.17 seconds)\r\nMigrating: 2014_10_01_000013_Db_System_Sessions\r\nMigrated:  2014_10_01_000013_Db_System_Sessions (1.03 seconds)\r\nMigrating: 2015_10_01_000014_Db_System_Mail_Layout_Rename\r\nMigrated:  2015_10_01_000014_Db_System_Mail_Layout_Rename (0.01 seconds)\r\nMigrating: 2015_10_01_000015_Db_System_Add_Frozen_Flag\r\nMigrated:  2015_10_01_000015_Db_System_Add_Frozen_Flag (0.06 seconds)\r\nMigrating: 2015_10_01_000016_Db_Cache\r\nMigrated:  2015_10_01_000016_Db_Cache (0.77 seconds)\r\nMigrating: 2015_10_01_000017_Db_System_Revisions\r\nMigrated:  2015_10_01_000017_Db_System_Revisions (1.67 seconds)\r\nMigrating: 2015_10_01_000018_Db_FailedJobs\r\nMigrated:  2015_10_01_000018_Db_FailedJobs (0.7 seconds)\r\nMigrating: 2016_10_01_000019_Db_System_Plugin_History_Detail_Text\r\nMigrated:  2016_10_01_000019_Db_System_Plugin_History_Detail_Text (0.77 seconds)\r\nMigrating: 2016_10_01_000020_Db_System_Timestamp_Fix\r\nMigrated:  2016_10_01_000020_Db_System_Timestamp_Fix (0.72 seconds)\r\nMigrating: 2017_08_04_121309_Db_Deferred_Bindings_Add_Index_Session\r\nMigrated:  2017_08_04_121309_Db_Deferred_Bindings_Add_Index_Session (0.31 seconds)\r\nMigrating: 2017_10_01_000021_Db_System_Sessions_Update\r\nMigrated:  2017_10_01_000021_Db_System_Sessions_Update (0.17 seconds)\r\nMigrating: 2017_10_01_000022_Db_Jobs_FailedJobs_Update\r\nMigrated:  2017_10_01_000022_Db_Jobs_FailedJobs_Update (0.36 seconds)\r\nMigrating: 2017_10_01_000023_Db_System_Mail_Partials\r\nMigrated:  2017_10_01_000023_Db_System_Mail_Partials (0.21 seconds)\r\nMigrating: 2017_10_23_000024_Db_System_Mail_Layouts_Add_Options_Field\r\nMigrated:  2017_10_23_000024_Db_System_Mail_Layouts_Add_Options_Field (0.14 seconds)\r\nMigrating: 2021_10_01_000025_Db_Add_Pivot_Data_To_Deferred_Bindings\r\nMigrated:  2021_10_01_000025_Db_Add_Pivot_Data_To_Deferred_Bindings (0.05 seconds)\r\nBackend\r\nMigrating: 2013_10_01_000001_Db_Backend_Users\r\nMigrated:  2013_10_01_000001_Db_Backend_Users (2.68 seconds)\r\nMigrating: 2013_10_01_000002_Db_Backend_User_Groups\r\nMigrated:  2013_10_01_000002_Db_Backend_User_Groups (0.32 seconds)\r\nMigrating: 2013_10_01_000003_Db_Backend_Users_Groups\r\nMigrated:  2013_10_01_000003_Db_Backend_Users_Groups (0.57 seconds)\r\nMigrating: 2013_10_01_000004_Db_Backend_User_Throttle\r\nMigrated:  2013_10_01_000004_Db_Backend_User_Throttle (1.07 seconds)\r\nMigrating: 2014_01_04_000005_Db_Backend_User_Preferences\r\nMigrated:  2014_01_04_000005_Db_Backend_User_Preferences (0.38 seconds)\r\nMigrating: 2014_10_01_000006_Db_Backend_Access_Log\r\nMigrated:  2014_10_01_000006_Db_Backend_Access_Log (0.21 seconds)\r\nMigrating: 2014_10_01_000007_Db_Backend_Add_Description_Field\r\nMigrated:  2014_10_01_000007_Db_Backend_Add_Description_Field (0.2 seconds)\r\nMigrating: 2015_10_01_000008_Db_Backend_Add_Superuser_Flag\r\nMigrated:  2015_10_01_000008_Db_Backend_Add_Superuser_Flag (0.05 seconds)\r\nMigrating: 2016_10_01_000009_Db_Backend_Timestamp_Fix\r\nMigrated:  2016_10_01_000009_Db_Backend_Timestamp_Fix (1.16 seconds)\r\nMigrating: 2017_10_01_000010_Db_Backend_User_Roles\r\nMigrated:  2017_10_01_000010_Db_Backend_User_Roles (0.85 seconds)\r\nMigrating: 2018_12_16_000011_Db_Backend_Add_Deleted_At\r\nMigrated:  2018_12_16_000011_Db_Backend_Add_Deleted_At (0.03 seconds)\r\nCms\r\nMigrating: 2014_10_01_000001_Db_Cms_Theme_Data\r\nMigrated:  2014_10_01_000001_Db_Cms_Theme_Data (0.33 seconds)\r\nMigrating: 2016_10_01_000002_Db_Cms_Timestamp_Fix\r\nMigrated:  2016_10_01_000002_Db_Cms_Timestamp_Fix (0.06 seconds)\r\nMigrating: 2017_10_01_000003_Db_Cms_Theme_Logs\r\nMigrated:  2017_10_01_000003_Db_Cms_Theme_Logs (0.93 seconds)\r\nMigrating: 2018_11_01_000001_Db_Cms_Theme_Templates\r\nMigrated:  2018_11_01_000001_Db_Cms_Theme_Templates (1.33 seconds)\r\nSeeded System \r\nSeeded Backend \r\nWinter.Demo\r\n - v1.0.1:  First version of Demo\r\n\r\n\\Backend\\Database\\Seeds\\DatabaseSeeder reported:\r\n - The following password has been automatically generated for the \"admin\" account: sECSsQ179uJwp7V1e4ZgN4\r\n"} 
[2022-10-26 03:53:17+02:00] INFO: Installer API request received {"method":"POST","endpoint":"createAdmin"} 
[2022-10-26 03:53:17+02:00] NOTICE: Booting Laravel framework  
[2022-10-26 03:53:17+02:00] NOTICE: Loading autoloader  
[2022-10-26 03:53:17+02:00] NOTICE: Bootstrapping kernel  
[2022-10-26 03:53:17+02:00] NOTICE: Finding initial admin account  
[2022-10-26 03:53:17+02:00] NOTICE: Changing admin account to details provided in installation  
[2022-10-26 03:53:19+02:00] INFO: Installer API request received {"method":"POST","endpoint":"cleanUp"} 
[2022-10-26 03:53:19+02:00] NOTICE: Removing installation files  
[2022-10-26 03:53:19+02:00] NOTICE: Removing temporary installation folders  
[2022-10-26 03:53:21+02:00] NOTICE: Removing core development files  
[2022-10-26 03:53:21+02:00] NOTICE: Moving files from temporary work directory to final installation path {"workDir":"E:\\xampp\\htdocs\\coming_soon\\.wintercms","installDir":"E:\\xampp\\htdocs\\coming_soon"} 
[2022-10-26 03:53:21+02:00] NOTICE: Removing work directory  
[2022-10-26 03:53:21+02:00] NOTICE: Installation complete!  
